 
2021-06-02T06:59:28.658Z [info]: Database Url : 
2021-06-02T06:59:28.666Z [info]: Mongoose connection done
2021-06-02T06:59:28.753Z [info]: The application started successfully on port 5000
2021-06-02T06:59:28.754Z [info]: Mongoose default connection disconnected
2021-06-02T06:59:28.754Z [error]: Mongoose default connection error: MongoParseError: URI does not have hostname, domain name and tld
2021-06-02T07:04:53.760Z [info]: Database Url : 
2021-06-02T07:04:53.767Z [info]: Mongoose connection done
2021-06-02T07:04:53.860Z [info]: The application started successfully on port 5000
2021-06-02T07:05:06.254Z [info]: Mongoose default connection open to mongodb+srv://kiran:kng121211@cluster0.r9s1l.azure.mongodb.net/donate-dev
2021-06-02T07:05:24.962Z [info]: Mongoose default connection disconnected
2021-06-05T07:34:07.371Z [info]: Database Url : 
2021-06-05T07:34:07.385Z [info]: Mongoose connection done
2021-06-05T07:34:07.581Z [info]: The application started successfully on port 5000
2021-06-05T07:34:10.894Z [info]: Mongoose default connection open to mongodb+srv://kiran:kng121211@cluster0.r9s1l.azure.mongodb.net/donate-dev
2021-06-05T07:35:53.646Z [error]: NGOs validation failed: phone_number: Path `phone_number` is required., registration_number: Path `registration_number` is required.
2021-06-05T07:36:23.537Z [error]: NGOs validation failed: phone_number: Path `phone_number` is required., registration_number: Path `registration_number` is required.
2021-06-05T07:37:48.881Z [error]: NGOs validation failed: phone_number: Path `phone_number` is required., registration_number: Path `registration_number` is required.
2021-06-05T07:39:31.438Z [info]: Database Url : 
2021-06-05T07:39:31.458Z [info]: Mongoose connection done
2021-06-05T07:39:31.719Z [info]: The application started successfully on port 5000
2021-06-05T07:39:34.050Z [info]: Mongoose default connection open to mongodb+srv://kiran:kng121211@cluster0.r9s1l.azure.mongodb.net/donate-dev
2021-06-05T07:39:35.473Z [error]: Unauthorized
2021-06-05T07:39:43.879Z [info]: Database Url : 
2021-06-05T07:39:43.887Z [info]: Mongoose connection done
2021-06-05T07:39:43.976Z [info]: The application started successfully on port 5000
2021-06-05T07:39:46.210Z [info]: Mongoose default connection open to mongodb+srv://kiran:kng121211@cluster0.r9s1l.azure.mongodb.net/donate-dev
2021-06-05T10:37:56.547Z [info]: Database Url : 
2021-06-05T10:37:56.558Z [info]: Mongoose connection done
2021-06-05T10:37:56.660Z [info]: The application started successfully on port 5000
2021-06-05T10:37:58.837Z [info]: Mongoose default connection open to mongodb+srv://kiran:kng121211@cluster0.r9s1l.azure.mongodb.net/donate-dev
2021-06-05T10:40:49.196Z [info]: Database Url : 
2021-06-05T10:40:49.207Z [info]: Mongoose connection done
2021-06-05T10:40:49.401Z [info]: The application started successfully on port 5000
2021-06-05T10:40:51.597Z [info]: Mongoose default connection open to mongodb+srv://kiran:kng121211@cluster0.r9s1l.azure.mongodb.net/donate-dev
2021-06-05T10:41:48.911Z [info]: Database Url : 
2021-06-05T10:41:48.918Z [info]: Mongoose connection done
2021-06-05T10:41:49.007Z [info]: The application started successfully on port 5000
2021-06-05T10:41:51.371Z [info]: Mongoose default connection open to mongodb+srv://kiran:kng121211@cluster0.r9s1l.azure.mongodb.net/donate-dev
2021-06-05T10:42:21.473Z [info]: Database Url : 
2021-06-05T10:42:21.481Z [info]: Mongoose connection done
2021-06-05T10:42:21.568Z [info]: The application started successfully on port 5000
2021-06-05T10:42:22.382Z [info]: Database Url : 
2021-06-05T10:42:22.390Z [info]: Mongoose connection done
2021-06-05T10:42:22.502Z [info]: The application started successfully on port 5000
2021-06-05T10:42:24.662Z [info]: Mongoose default connection open to mongodb+srv://kiran:kng121211@cluster0.r9s1l.azure.mongodb.net/donate-dev
